{"/home/fox/projects/flowcode/landing/app/api/csrf-token/route.ts": {"path":"/home/fox/projects/flowcode/landing/app/api/csrf-token/route.ts","statementMap":{"0":{"start":{"line":1,"column":0},"end":{"line":1,"column":43}},"1":{"start":{"line":2,"column":0},"end":{"line":2,"column":28}},"2":{"start":{"line":6,"column":16},"end":{"line":6,"column":54}},"3":{"start":{"line":9,"column":19},"end":{"line":9,"column":47}},"4":{"start":{"line":12,"column":2},"end":{"line":20,"column":5}},"5":{"start":{"line":22,"column":2},"end":{"line":22,"column":18}},"6":{"start":{"line":4,"column":0},"end":{"line":4,"column":7}}},"fnMap":{"0":{"name":"GET","decl":{"start":{"line":4,"column":22},"end":{"line":4,"column":25}},"loc":{"start":{"line":4,"column":25},"end":{"line":23,"column":1}}}},"branchMap":{},"s":{"0":1,"1":1,"2":1,"3":1,"4":1,"5":1,"6":1},"f":{"0":1},"b":{}}
,"/home/fox/projects/flowcode/landing/app/api/waitlist/route.ts": {"path":"/home/fox/projects/flowcode/landing/app/api/waitlist/route.ts","statementMap":{"0":{"start":{"line":1,"column":0},"end":{"line":1,"column":56}},"1":{"start":{"line":2,"column":0},"end":{"line":2,"column":30}},"2":{"start":{"line":4,"column":10},"end":{"line":8,"column":1}},"3":{"start":{"line":5,"column":2},"end":{"line":5,"column":41}},"4":{"start":{"line":5,"column":29},"end":{"line":5,"column":41}},"5":{"start":{"line":6,"column":18},"end":{"line":6,"column":26}},"6":{"start":{"line":7,"column":2},"end":{"line":7,"column":41}},"7":{"start":{"line":11,"column":15},"end":{"line":11,"column":31}},"8":{"start":{"line":13,"column":2},"end":{"line":18,"column":3}},"9":{"start":{"line":14,"column":4},"end":{"line":17,"column":6}},"10":{"start":{"line":21,"column":4},"end":{"line":23,"column":8}},"11":{"start":{"line":25,"column":2},"end":{"line":63,"column":3}},"12":{"start":{"line":26,"column":19},"end":{"line":45,"column":null}},"13":{"start":{"line":49,"column":4},"end":{"line":54,"column":5}},"14":{"start":{"line":50,"column":6},"end":{"line":53,"column":8}},"15":{"start":{"line":56,"column":4},"end":{"line":56,"column":51}},"16":{"start":{"line":58,"column":4},"end":{"line":58,"column":50}},"17":{"start":{"line":59,"column":4},"end":{"line":62,"column":6}},"18":{"start":{"line":10,"column":0},"end":{"line":10,"column":7}}},"fnMap":{"0":{"name":"(anonymous_0)","decl":{"start":{"line":4,"column":10},"end":{"line":4,"column":11}},"loc":{"start":{"line":4,"column":32},"end":{"line":8,"column":1}}},"1":{"name":"POST","decl":{"start":{"line":10,"column":22},"end":{"line":10,"column":26}},"loc":{"start":{"line":10,"column":43},"end":{"line":64,"column":1}}}},"branchMap":{"0":{"loc":{"start":{"line":5,"column":2},"end":{"line":5,"column":41}},"type":"if","locations":[{"start":{"line":5,"column":2},"end":{"line":5,"column":41}}]},"1":{"loc":{"start":{"line":7,"column":9},"end":{"line":7,"column":40}},"type":"cond-expr","locations":[{"start":{"line":7,"column":26},"end":{"line":7,"column":30}},{"start":{"line":7,"column":33},"end":{"line":7,"column":40}}]},"2":{"loc":{"start":{"line":13,"column":2},"end":{"line":18,"column":3}},"type":"if","locations":[{"start":{"line":13,"column":2},"end":{"line":18,"column":3}}]},"3":{"loc":{"start":{"line":13,"column":6},"end":{"line":13,"column":47}},"type":"binary-expr","locations":[{"start":{"line":13,"column":6},"end":{"line":13,"column":20}},{"start":{"line":13,"column":24},"end":{"line":13,"column":47}}]},"4":{"loc":{"start":{"line":21,"column":4},"end":{"line":23,"column":8}},"type":"binary-expr","locations":[{"start":{"line":21,"column":4},"end":{"line":21,"column":61}},{"start":{"line":22,"column":4},"end":{"line":22,"column":32}},{"start":{"line":23,"column":4},"end":{"line":23,"column":8}}]},"5":{"loc":{"start":{"line":21,"column":4},"end":{"line":21,"column":61}},"type":"cond-expr","locations":[{"start":{"line":21,"column":53},"end":{"line":21,"column":55}},{"start":{"line":21,"column":53},"end":{"line":21,"column":61}}]},"6":{"loc":{"start":{"line":21,"column":4},"end":{"line":21,"column":55}},"type":"binary-expr","locations":[{"start":{"line":21,"column":4},"end":{"line":21,"column":55}},{"start":{"line":21,"column":53},"end":{"line":21,"column":55}}]},"7":{"loc":{"start":{"line":21,"column":4},"end":{"line":21,"column":53}},"type":"cond-expr","locations":[{"start":{"line":21,"column":38},"end":{"line":21,"column":40}},{"start":{"line":21,"column":38},"end":{"line":21,"column":53}}]},"8":{"loc":{"start":{"line":21,"column":4},"end":{"line":21,"column":40}},"type":"binary-expr","locations":[{"start":{"line":21,"column":4},"end":{"line":21,"column":40}},{"start":{"line":21,"column":38},"end":{"line":21,"column":40}}]},"9":{"loc":{"start":{"line":49,"column":4},"end":{"line":54,"column":5}},"type":"if","locations":[{"start":{"line":49,"column":4},"end":{"line":54,"column":5}}]}},"s":{"0":1,"1":1,"2":1,"3":20,"4":16,"5":4,"6":4,"7":3,"8":3,"9":1,"10":2,"11":2,"12":2,"13":2,"14":1,"15":1,"16":0,"17":0,"18":1},"f":{"0":20,"1":3},"b":{"0":[16],"1":[0,4],"2":[1],"3":[3,1],"4":[2,2,2],"5":[2,0],"6":[2,2],"7":[2,0],"8":[2,0],"9":[1]}}
,"/home/fox/projects/flowcode/landing/src/__tests__/api/testUtils.ts": {"path":"/home/fox/projects/flowcode/landing/src/__tests__/api/testUtils.ts","statementMap":{"0":{"start":{"line":1,"column":0},"end":{"line":1,"column":74}},"1":{"start":{"line":2,"column":0},"end":{"line":2,"column":34}},"2":{"start":{"line":3,"column":0},"end":{"line":3,"column":56}},"3":{"start":{"line":5,"column":29},"end":{"line":26,"column":1}},"4":{"start":{"line":7,"column":5},"end":{"line":26,"column":1}},"5":{"start":{"line":8,"column":27},"end":{"line":8,"column":29}},"6":{"start":{"line":9,"column":2},"end":{"line":9,"column":null}},"7":{"start":{"line":9,"column":28},"end":{"line":9,"column":31}},"8":{"start":{"line":9,"column":28},"end":{"line":9,"column":33}},"9":{"start":{"line":9,"column":24},"end":{"line":9,"column":28}},"10":{"start":{"line":9,"column":33},"end":{"line":9,"column":62}},"11":{"start":{"line":10,"column":18},"end":{"line":10,"column":39}},"12":{"start":{"line":12,"column":14},"end":{"line":12,"column":42}},"13":{"start":{"line":14,"column":18},"end":{"line":18,"column":4}},"14":{"start":{"line":20,"column":19},"end":{"line":20,"column":36}},"15":{"start":{"line":22,"column":2},"end":{"line":22,"column":35}},"16":{"start":{"line":23,"column":2},"end":{"line":23,"column":58}},"17":{"start":{"line":23,"column":37},"end":{"line":23,"column":56}},"18":{"start":{"line":24,"column":14},"end":{"line":24,"column":55}},"19":{"start":{"line":25,"column":2},"end":{"line":25,"column":15}},"20":{"start":{"line":5,"column":13},"end":{"line":5,"column":29}},"21":{"start":{"line":28,"column":25},"end":{"line":29,"column":38}},"22":{"start":{"line":29,"column":2},"end":{"line":29,"column":38}},"23":{"start":{"line":28,"column":13},"end":{"line":28,"column":25}}},"fnMap":{"0":{"name":"(anonymous_8)","decl":{"start":{"line":5,"column":29},"end":{"line":5,"column":null}},"loc":{"start":{"line":7,"column":5},"end":{"line":26,"column":1}}},"1":{"name":"(anonymous_9)","decl":{"start":{"line":7,"column":5},"end":{"line":7,"column":10}},"loc":{"start":{"line":7,"column":57},"end":{"line":26,"column":1}}},"2":{"name":"(anonymous_10)","decl":{"start":{"line":23,"column":27},"end":{"line":23,"column":28}},"loc":{"start":{"line":23,"column":37},"end":{"line":23,"column":56}}},"3":{"name":"(anonymous_11)","decl":{"start":{"line":28,"column":25},"end":{"line":28,"column":26}},"loc":{"start":{"line":29,"column":2},"end":{"line":29,"column":38}}}},"branchMap":{"0":{"loc":{"start":{"line":17,"column":10},"end":{"line":17,"column":46}},"type":"cond-expr","locations":[{"start":{"line":17,"column":27},"end":{"line":17,"column":34}},{"start":{"line":17,"column":37},"end":{"line":17,"column":46}}]}},"s":{"0":2,"1":2,"2":2,"3":2,"4":2,"5":4,"6":4,"7":10,"8":4,"9":3,"10":3,"11":4,"12":4,"13":4,"14":4,"15":4,"16":4,"17":5,"18":4,"19":4,"20":2,"21":2,"22":2,"23":2},"f":{"0":2,"1":4,"2":5,"3":2},"b":{"0":[3,1]}}
,"/home/fox/projects/flowcode/landing/src/utils/validators.ts": {"path":"/home/fox/projects/flowcode/landing/src/utils/validators.ts","statementMap":{"0":{"start":{"line":1,"column":13},"end":{"line":2,"column":45}},"1":{"start":{"line":4,"column":13},"end":{"line":5,"column":34}},"2":{"start":{"line":7,"column":13},"end":{"line":8,"column":27}},"3":{"start":{"line":10,"column":13},"end":{"line":11,"column":34}},"4":{"start":{"line":13,"column":31},"end":{"line":13,"column":61}},"5":{"start":{"line":13,"column":45},"end":{"line":13,"column":61}},"6":{"start":{"line":13,"column":13},"end":{"line":13,"column":31}},"7":{"start":{"line":14,"column":31},"end":{"line":14,"column":66}},"8":{"start":{"line":14,"column":45},"end":{"line":14,"column":66}},"9":{"start":{"line":14,"column":13},"end":{"line":14,"column":31}},"10":{"start":{"line":15,"column":31},"end":{"line":15,"column":62}},"11":{"start":{"line":15,"column":45},"end":{"line":15,"column":62}},"12":{"start":{"line":15,"column":13},"end":{"line":15,"column":31}},"13":{"start":{"line":16,"column":31},"end":{"line":16,"column":63}},"14":{"start":{"line":16,"column":45},"end":{"line":16,"column":63}},"15":{"start":{"line":16,"column":13},"end":{"line":16,"column":31}}},"fnMap":{"0":{"name":"(anonymous_0)","decl":{"start":{"line":13,"column":31},"end":{"line":13,"column":32}},"loc":{"start":{"line":13,"column":45},"end":{"line":13,"column":61}}},"1":{"name":"(anonymous_1)","decl":{"start":{"line":14,"column":31},"end":{"line":14,"column":32}},"loc":{"start":{"line":14,"column":45},"end":{"line":14,"column":66}}},"2":{"name":"(anonymous_2)","decl":{"start":{"line":15,"column":31},"end":{"line":15,"column":32}},"loc":{"start":{"line":15,"column":45},"end":{"line":15,"column":62}}},"3":{"name":"(anonymous_3)","decl":{"start":{"line":16,"column":31},"end":{"line":16,"column":32}},"loc":{"start":{"line":16,"column":45},"end":{"line":16,"column":63}}}},"branchMap":{},"s":{"0":1,"1":1,"2":1,"3":1,"4":1,"5":2,"6":1,"7":1,"8":2,"9":1,"10":1,"11":2,"12":1,"13":1,"14":2,"15":1},"f":{"0":2,"1":2,"2":2,"3":2},"b":{}}
}
