TN:
SF:app/api/csrf-token/route.ts
FN:6,GET
FNF:1
FNH:1
FNDA:1,GET
DA:1,1
DA:2,1
DA:4,1
DA:6,1
DA:8,1
DA:11,1
DA:14,1
DA:24,1
LF:8
LH:8
BRF:0
BRH:0
end_of_record
TN:
SF:app/api/waitlist/route.ts
FN:6,(anonymous_0)
FN:12,POST
FNF:2
FNH:2
FNDA:20,(anonymous_0)
FNDA:3,POST
DA:1,1
DA:2,1
DA:4,1
DA:6,1
DA:7,20
DA:8,4
DA:9,4
DA:12,1
DA:13,3
DA:15,3
DA:16,1
DA:23,2
DA:27,2
DA:28,2
DA:51,2
DA:52,1
DA:58,1
DA:60,0
DA:61,0
LF:19
LH:17
BRDA:7,0,0,16
BRDA:9,1,0,0
BRDA:9,1,1,4
BRDA:15,2,0,1
BRDA:15,3,0,3
BRDA:15,3,1,1
BRDA:23,4,0,2
BRDA:23,4,1,2
BRDA:23,4,2,2
BRDA:23,5,0,2
BRDA:23,5,1,0
BRDA:23,6,0,2
BRDA:23,6,1,2
BRDA:23,7,0,2
BRDA:23,7,1,0
BRDA:23,8,0,2
BRDA:23,8,1,0
BRDA:51,9,0,1
BRF:18
BRH:14
end_of_record
TN:
SF:src/__tests__/api/testUtils.ts
FN:5,(anonymous_8)
FN:7,(anonymous_9)
FN:23,(anonymous_10)
FN:28,(anonymous_11)
FNF:4
FNH:4
FNDA:2,(anonymous_8)
FNDA:4,(anonymous_9)
FNDA:5,(anonymous_10)
FNDA:2,(anonymous_11)
DA:1,2
DA:2,2
DA:3,2
DA:5,2
DA:7,2
DA:8,4
DA:9,10
DA:10,4
DA:12,4
DA:14,4
DA:20,4
DA:22,4
DA:23,5
DA:24,4
DA:25,4
DA:28,2
DA:29,2
LF:17
LH:17
BRDA:17,0,0,3
BRDA:17,0,1,1
BRF:2
BRH:2
end_of_record
TN:
SF:src/utils/validators.ts
FN:13,(anonymous_0)
FN:14,(anonymous_1)
FN:15,(anonymous_2)
FN:16,(anonymous_3)
FNF:4
FNH:4
FNDA:2,(anonymous_0)
FNDA:2,(anonymous_1)
FNDA:2,(anonymous_2)
FNDA:2,(anonymous_3)
DA:1,1
DA:4,1
DA:7,1
DA:10,1
DA:13,2
DA:14,2
DA:15,2
DA:16,2
LF:8
LH:8
BRF:0
BRH:0
end_of_record
